Determining if the function kstat_lookup exists in the kstat failed with the following output:
Change Dir: /opt/nvm/cmake/CMakeFiles/CMakeTmp

Run Build Command:"/usr/bin/make" "cmTC_5997c/fast"
/usr/bin/make -f CMakeFiles/cmTC_5997c.dir/build.make CMakeFiles/cmTC_5997c.dir/build
make[1]: Entering directory '/opt/nvm/cmake/CMakeFiles/CMakeTmp'
Building C object CMakeFiles/cmTC_5997c.dir/CheckFunctionExists.c.o
/usr/bin/clang   -Wconversion -DCHECK_FUNCTION_EXISTS=kstat_lookup -g   -o CMakeFiles/cmTC_5997c.dir/CheckFunctionExists.c.o   -c /usr/share/cmake-3.11/Modules/CheckFunctionExists.c
Linking C executable cmTC_5997c
/usr/bin/cmake -E cmake_link_script CMakeFiles/cmTC_5997c.dir/link.txt --verbose=1
/usr/bin/clang  -Wconversion -DCHECK_FUNCTION_EXISTS=kstat_lookup -g    -rdynamic CMakeFiles/cmTC_5997c.dir/CheckFunctionExists.c.o  -o cmTC_5997c  -L/opt/nvm/cmake/CMakeFiles/CMakeTmp/kstat.h -Wl,-rpath,/opt/nvm/cmake/CMakeFiles/CMakeTmp/kstat.h -lkstat 
/usr/bin/ld: cannot find -lkstat
clang-6.0: error: linker command failed with exit code 1 (use -v to see invocation)
make[1]: *** [CMakeFiles/cmTC_5997c.dir/build.make:87: cmTC_5997c] Error 1
make[1]: Leaving directory '/opt/nvm/cmake/CMakeFiles/CMakeTmp'
make: *** [Makefile:126: cmTC_5997c/fast] Error 2


Determining if the function kvm_open exists in the kvm failed with the following output:
Change Dir: /opt/nvm/cmake/CMakeFiles/CMakeTmp

Run Build Command:"/usr/bin/make" "cmTC_539e3/fast"
/usr/bin/make -f CMakeFiles/cmTC_539e3.dir/build.make CMakeFiles/cmTC_539e3.dir/build
make[1]: Entering directory '/opt/nvm/cmake/CMakeFiles/CMakeTmp'
Building C object CMakeFiles/cmTC_539e3.dir/CheckFunctionExists.c.o
/usr/bin/clang   -Wconversion -DCHECK_FUNCTION_EXISTS=kvm_open -g   -o CMakeFiles/cmTC_539e3.dir/CheckFunctionExists.c.o   -c /usr/share/cmake-3.11/Modules/CheckFunctionExists.c
Linking C executable cmTC_539e3
/usr/bin/cmake -E cmake_link_script CMakeFiles/cmTC_539e3.dir/link.txt --verbose=1
/usr/bin/clang  -Wconversion -DCHECK_FUNCTION_EXISTS=kvm_open -g    -rdynamic CMakeFiles/cmTC_539e3.dir/CheckFunctionExists.c.o  -o cmTC_539e3  -L/opt/nvm/cmake/CMakeFiles/CMakeTmp/kvm.h -Wl,-rpath,/opt/nvm/cmake/CMakeFiles/CMakeTmp/kvm.h -lkvm 
/usr/bin/ld: cannot find -lkvm
clang-6.0: error: linker command failed with exit code 1 (use -v to see invocation)
make[1]: *** [CMakeFiles/cmTC_539e3.dir/build.make:87: cmTC_539e3] Error 1
make[1]: Leaving directory '/opt/nvm/cmake/CMakeFiles/CMakeTmp'
make: *** [Makefile:126: cmTC_539e3/fast] Error 2


Determining if the function perfstat_cpu exists in the perfstat failed with the following output:
Change Dir: /opt/nvm/cmake/CMakeFiles/CMakeTmp

Run Build Command:"/usr/bin/make" "cmTC_89040/fast"
/usr/bin/make -f CMakeFiles/cmTC_89040.dir/build.make CMakeFiles/cmTC_89040.dir/build
make[1]: Entering directory '/opt/nvm/cmake/CMakeFiles/CMakeTmp'
Building C object CMakeFiles/cmTC_89040.dir/CheckFunctionExists.c.o
/usr/bin/clang   -Wconversion -DCHECK_FUNCTION_EXISTS=perfstat_cpu -g   -o CMakeFiles/cmTC_89040.dir/CheckFunctionExists.c.o   -c /usr/share/cmake-3.11/Modules/CheckFunctionExists.c
Linking C executable cmTC_89040
/usr/bin/cmake -E cmake_link_script CMakeFiles/cmTC_89040.dir/link.txt --verbose=1
/usr/bin/clang  -Wconversion -DCHECK_FUNCTION_EXISTS=perfstat_cpu -g    -rdynamic CMakeFiles/cmTC_89040.dir/CheckFunctionExists.c.o  -o cmTC_89040  -L/opt/nvm/cmake/CMakeFiles/CMakeTmp/libperfstat.h -Wl,-rpath,/opt/nvm/cmake/CMakeFiles/CMakeTmp/libperfstat.h -lperfstat 
/usr/bin/ld: cannot find -lperfstat
clang-6.0: error: linker command failed with exit code 1 (use -v to see invocation)
make[1]: *** [CMakeFiles/cmTC_89040.dir/build.make:87: cmTC_89040] Error 1
make[1]: Leaving directory '/opt/nvm/cmake/CMakeFiles/CMakeTmp'
make: *** [Makefile:126: cmTC_89040/fast] Error 2


Determining if the function sendfile exists in the sendfile failed with the following output:
Change Dir: /opt/nvm/cmake/CMakeFiles/CMakeTmp

Run Build Command:"/usr/bin/make" "cmTC_30cf1/fast"
/usr/bin/make -f CMakeFiles/cmTC_30cf1.dir/build.make CMakeFiles/cmTC_30cf1.dir/build
make[1]: Entering directory '/opt/nvm/cmake/CMakeFiles/CMakeTmp'
Building C object CMakeFiles/cmTC_30cf1.dir/CheckFunctionExists.c.o
/usr/bin/clang   -Wconversion -DCHECK_FUNCTION_EXISTS=sendfile -g   -o CMakeFiles/cmTC_30cf1.dir/CheckFunctionExists.c.o   -c /usr/share/cmake-3.11/Modules/CheckFunctionExists.c
Linking C executable cmTC_30cf1
/usr/bin/cmake -E cmake_link_script CMakeFiles/cmTC_30cf1.dir/link.txt --verbose=1
/usr/bin/clang  -Wconversion -DCHECK_FUNCTION_EXISTS=sendfile -g    -rdynamic CMakeFiles/cmTC_30cf1.dir/CheckFunctionExists.c.o  -o cmTC_30cf1 -lsendfile 
/usr/bin/ld: cannot find -lsendfile
clang-6.0: error: linker command failed with exit code 1 (use -v to see invocation)
make[1]: *** [CMakeFiles/cmTC_30cf1.dir/build.make:87: cmTC_30cf1] Error 1
make[1]: Leaving directory '/opt/nvm/cmake/CMakeFiles/CMakeTmp'
make: *** [Makefile:126: cmTC_30cf1/fast] Error 2


